<?xml version="1.0" encoding="UTF-8"?>
<!-- Generated by org.testng.reporters.JUnitReportReporter -->
<testsuite hostname="LAPTOP-H4MNKU5B" failures="0" tests="1" name="com.Dream11.myProject.homePageScript" time="48.226" errors="0" timestamp="2022-06-02T16:55:19 IST" skipped="0">
  <testcase classname="com.Dream11.myProject.homePageScript" name="homePage" time="48.226"/>
  <system-out/>
</testsuite> <!-- com.Dream11.myProject.homePageScript -->
