<?xml version="1.0" encoding="UTF-8"?>
<!-- Generated by org.testng.reporters.JUnitReportReporter -->
<testsuite hostname="LAPTOP-H4MNKU5B" failures="0" tests="1" name="com.Dream11.myProject.register_Page" time="25.936" errors="0" timestamp="2022-06-01T22:59:24 IST" skipped="0">
  <testcase classname="com.Dream11.myProject.register_Page" name="test1" time="25.936"/>
  <system-out/>
</testsuite> <!-- com.Dream11.myProject.register_Page -->
